Arguments: 
  /Users/ericmackrodt/.nvm/versions/node/v8.11.4/bin/node /Users/ericmackrodt/.nvm/versions/node/v8.11.4/bin/yarn

PATH: 
  /Users/ericmackrodt/.nvm/versions/node/v8.11.4/bin:/usr/local/bin:/usr/bin:/bin:/usr/sbin:/sbin:/Users/ericmackrodt/go/bin:/Users/ericmackrodt/go/bin:/Users/ericmackrodt/go/bin

Yarn version: 
  1.12.3

Node version: 
  8.11.4

Platform: 
  darwin x64

Trace: 
  SyntaxError: /Users/ericmackrodt/Projects/staat/package.json: Unexpected string in JSON at position 349
      at JSON.parse (<anonymous>)
      at /Users/ericmackrodt/.nvm/versions/node/v8.11.4/lib/node_modules/yarn/lib/cli.js:1631:59
      at Generator.next (<anonymous>)
      at step (/Users/ericmackrodt/.nvm/versions/node/v8.11.4/lib/node_modules/yarn/lib/cli.js:304:30)
      at /Users/ericmackrodt/.nvm/versions/node/v8.11.4/lib/node_modules/yarn/lib/cli.js:315:13
      at <anonymous>

npm manifest: 
  {
    "name": "staat",
    "version": "1.0.0",
    "description": "",
    "main": "index.js",
    "scripts": {
      "doit": "tsc --p tsconfig.json",
      "test": "echo \"Error: no test specified\" && exit 1"
    },
    "author": "",
    "license": "ISC",
    "dependencies": {
      "deep-diff": "^1.0.2"
    },
    "devDependencies": {
      "@types/deep-diff": "^0.0.31"
      "typescript": "^3.2.2"
    }
  }

yarn manifest: 
  No manifest

Lockfile: 
  # THIS IS AN AUTOGENERATED FILE. DO NOT EDIT THIS FILE DIRECTLY.
  # yarn lockfile v1
  
  
  "@types/deep-diff@^1.0.0":
    version "1.0.0"
    resolved "https://registry.yarnpkg.com/@types/deep-diff/-/deep-diff-1.0.0.tgz#7eba3202a99b3a207f758f351f7f86387269fc40"
    integrity sha512-ENsJcujGbCU/oXhDfQ12mSo/mCBWodT2tpARZKmatoSrf8+cGRCPi0KVj3I0FORhYZfLXkewXu7AoIWqiBLkNw==
  
  deep-diff@^1.0.2:
    version "1.0.2"
    resolved "https://registry.yarnpkg.com/deep-diff/-/deep-diff-1.0.2.tgz#afd3d1f749115be965e89c63edc7abb1506b9c26"
    integrity sha512-aWS3UIVH+NPGCD1kki+DCU9Dua032iSsO43LqQpcs4R3+dVv7tX0qBGjiVHJHjplsoUM2XRO/KB92glqc68awg==
  
  typescript@^3.2.2:
    version "3.2.2"
    resolved "https://registry.yarnpkg.com/typescript/-/typescript-3.2.2.tgz#fe8101c46aa123f8353523ebdcf5730c2ae493e5"
    integrity sha512-VCj5UiSyHBjwfYacmDuc/NOk4QQixbE+Wn7MFJuS0nRuPQbof132Pw4u53dm264O8LPc2MVsc7RJNml5szurkg==
